INFO: [VRFC 10-2263] Analyzing Verilog file "D:/myCollege/ComputerSystem/NSCSCC/NSCSCC/NSCSCC/PersonalProgress/HaitianJiang/SingleMiniSys/mycpu_design/mycpu_design.sim/sim_1/impl/timing/xsim/tb_SOC_IO_time_impl.v" into library xil_defaultlib
INFO: [VRFC 10-311] analyzing module RAM32M_UNIQ_BASE_
INFO: [VRFC 10-311] analyzing module RAM32M_HD1
INFO: [VRFC 10-311] analyzing module RAM32M_HD10
INFO: [VRFC 10-311] analyzing module RAM32M_HD11
INFO: [VRFC 10-311] analyzing module RAM32M_HD2
INFO: [VRFC 10-311] analyzing module RAM32M_HD3
INFO: [VRFC 10-311] analyzing module RAM32M_HD4
INFO: [VRFC 10-311] analyzing module RAM32M_HD5
INFO: [VRFC 10-311] analyzing module RAM32M_HD6
INFO: [VRFC 10-311] analyzing module RAM32M_HD7
INFO: [VRFC 10-311] analyzing module RAM32M_HD8
INFO: [VRFC 10-311] analyzing module RAM32M_HD9
INFO: [VRFC 10-311] analyzing module ALU_1
INFO: [VRFC 10-311] analyzing module CPU_only
INFO: [VRFC 10-311] analyzing module SOC_IO
INFO: [VRFC 10-311] analyzing module cpu_clk
INFO: [VRFC 10-311] analyzing module cpu_clk_cpu_clk_clk_wiz
INFO: [VRFC 10-311] analyzing module data_ram
INFO: [VRFC 10-311] analyzing module inst_mmu
INFO: [VRFC 10-311] analyzing module inst_rom
INFO: [VRFC 10-311] analyzing module led_interface
INFO: [VRFC 10-311] analyzing module mem_or_io_ctl
INFO: [VRFC 10-311] analyzing module pc_1
INFO: [VRFC 10-311] analyzing module reg_files_1
INFO: [VRFC 10-311] analyzing module toggle_switch_interface
INFO: [VRFC 10-311] analyzing module data_ram__bindec
INFO: [VRFC 10-311] analyzing module data_ram__blk_mem_gen_generic_cstr
INFO: [VRFC 10-311] analyzing module data_ram__blk_mem_gen_mux
INFO: [VRFC 10-311] analyzing module data_ram__blk_mem_gen_prim_width
INFO: [VRFC 10-311] analyzing module data_ram__blk_mem_gen_prim_width__parameterized0
INFO: [VRFC 10-311] analyzing module data_ram__blk_mem_gen_prim_width__parameterized1
INFO: [VRFC 10-311] analyzing module data_ram__blk_mem_gen_prim_width__parameterized10
INFO: [VRFC 10-311] analyzing module data_ram__blk_mem_gen_prim_width__parameterized11
INFO: [VRFC 10-311] analyzing module data_ram__blk_mem_gen_prim_width__parameterized12
INFO: [VRFC 10-311] analyzing module data_ram__blk_mem_gen_prim_width__parameterized13
INFO: [VRFC 10-311] analyzing module data_ram__blk_mem_gen_prim_width__parameterized2
INFO: [VRFC 10-311] analyzing module data_ram__blk_mem_gen_prim_width__parameterized3
INFO: [VRFC 10-311] analyzing module data_ram__blk_mem_gen_prim_width__parameterized4
INFO: [VRFC 10-311] analyzing module data_ram__blk_mem_gen_prim_width__parameterized5
INFO: [VRFC 10-311] analyzing module data_ram__blk_mem_gen_prim_width__parameterized6
INFO: [VRFC 10-311] analyzing module data_ram__blk_mem_gen_prim_width__parameterized7
INFO: [VRFC 10-311] analyzing module data_ram__blk_mem_gen_prim_width__parameterized8
INFO: [VRFC 10-311] analyzing module data_ram__blk_mem_gen_prim_width__parameterized9
INFO: [VRFC 10-311] analyzing module data_ram__blk_mem_gen_prim_wrapper_init
INFO: [VRFC 10-311] analyzing module data_ram__blk_mem_gen_prim_wrapper_init__parameterized0
INFO: [VRFC 10-311] analyzing module data_ram__blk_mem_gen_prim_wrapper_init__parameterized1
INFO: [VRFC 10-311] analyzing module data_ram__blk_mem_gen_prim_wrapper_init__parameterized10
INFO: [VRFC 10-311] analyzing module data_ram__blk_mem_gen_prim_wrapper_init__parameterized11
INFO: [VRFC 10-311] analyzing module data_ram__blk_mem_gen_prim_wrapper_init__parameterized12
INFO: [VRFC 10-311] analyzing module data_ram__blk_mem_gen_prim_wrapper_init__parameterized13
INFO: [VRFC 10-311] analyzing module data_ram__blk_mem_gen_prim_wrapper_init__parameterized2
INFO: [VRFC 10-311] analyzing module data_ram__blk_mem_gen_prim_wrapper_init__parameterized3
INFO: [VRFC 10-311] analyzing module data_ram__blk_mem_gen_prim_wrapper_init__parameterized4
INFO: [VRFC 10-311] analyzing module data_ram__blk_mem_gen_prim_wrapper_init__parameterized5
INFO: [VRFC 10-311] analyzing module data_ram__blk_mem_gen_prim_wrapper_init__parameterized6
INFO: [VRFC 10-311] analyzing module data_ram__blk_mem_gen_prim_wrapper_init__parameterized7
INFO: [VRFC 10-311] analyzing module data_ram__blk_mem_gen_prim_wrapper_init__parameterized8
INFO: [VRFC 10-311] analyzing module data_ram__blk_mem_gen_prim_wrapper_init__parameterized9
INFO: [VRFC 10-311] analyzing module data_ram__blk_mem_gen_top
INFO: [VRFC 10-311] analyzing module data_ram__blk_mem_gen_v8_4_4
INFO: [VRFC 10-311] analyzing module data_ram__blk_mem_gen_v8_4_4_synth
INFO: [VRFC 10-311] analyzing module inst_rom__bindec
INFO: [VRFC 10-311] analyzing module inst_rom__blk_mem_gen_generic_cstr
INFO: [VRFC 10-311] analyzing module inst_rom__blk_mem_gen_mux
INFO: [VRFC 10-311] analyzing module inst_rom__blk_mem_gen_prim_width
INFO: [VRFC 10-311] analyzing module inst_rom__blk_mem_gen_prim_width__parameterized0
INFO: [VRFC 10-311] analyzing module inst_rom__blk_mem_gen_prim_width__parameterized1
INFO: [VRFC 10-311] analyzing module inst_rom__blk_mem_gen_prim_width__parameterized10
INFO: [VRFC 10-311] analyzing module inst_rom__blk_mem_gen_prim_width__parameterized11
INFO: [VRFC 10-311] analyzing module inst_rom__blk_mem_gen_prim_width__parameterized12
INFO: [VRFC 10-311] analyzing module inst_rom__blk_mem_gen_prim_width__parameterized13
INFO: [VRFC 10-311] analyzing module inst_rom__blk_mem_gen_prim_width__parameterized2
INFO: [VRFC 10-311] analyzing module inst_rom__blk_mem_gen_prim_width__parameterized3
INFO: [VRFC 10-311] analyzing module inst_rom__blk_mem_gen_prim_width__parameterized4
INFO: [VRFC 10-311] analyzing module inst_rom__blk_mem_gen_prim_width__parameterized5
INFO: [VRFC 10-311] analyzing module inst_rom__blk_mem_gen_prim_width__parameterized6
INFO: [VRFC 10-311] analyzing module inst_rom__blk_mem_gen_prim_width__parameterized7
INFO: [VRFC 10-311] analyzing module inst_rom__blk_mem_gen_prim_width__parameterized8
INFO: [VRFC 10-311] analyzing module inst_rom__blk_mem_gen_prim_width__parameterized9
INFO: [VRFC 10-311] analyzing module inst_rom__blk_mem_gen_prim_wrapper_init
INFO: [VRFC 10-311] analyzing module inst_rom__blk_mem_gen_prim_wrapper_init__parameterized0
INFO: [VRFC 10-311] analyzing module inst_rom__blk_mem_gen_prim_wrapper_init__parameterized1
INFO: [VRFC 10-311] analyzing module inst_rom__blk_mem_gen_prim_wrapper_init__parameterized10
INFO: [VRFC 10-311] analyzing module inst_rom__blk_mem_gen_prim_wrapper_init__parameterized11
INFO: [VRFC 10-311] analyzing module inst_rom__blk_mem_gen_prim_wrapper_init__parameterized12
INFO: [VRFC 10-311] analyzing module inst_rom__blk_mem_gen_prim_wrapper_init__parameterized13
INFO: [VRFC 10-311] analyzing module inst_rom__blk_mem_gen_prim_wrapper_init__parameterized2
INFO: [VRFC 10-311] analyzing module inst_rom__blk_mem_gen_prim_wrapper_init__parameterized3
INFO: [VRFC 10-311] analyzing module inst_rom__blk_mem_gen_prim_wrapper_init__parameterized4
INFO: [VRFC 10-311] analyzing module inst_rom__blk_mem_gen_prim_wrapper_init__parameterized5
INFO: [VRFC 10-311] analyzing module inst_rom__blk_mem_gen_prim_wrapper_init__parameterized6
INFO: [VRFC 10-311] analyzing module inst_rom__blk_mem_gen_prim_wrapper_init__parameterized7
INFO: [VRFC 10-311] analyzing module inst_rom__blk_mem_gen_prim_wrapper_init__parameterized8
INFO: [VRFC 10-311] analyzing module inst_rom__blk_mem_gen_prim_wrapper_init__parameterized9
INFO: [VRFC 10-311] analyzing module inst_rom__blk_mem_gen_top
INFO: [VRFC 10-311] analyzing module inst_rom__blk_mem_gen_v8_4_4
INFO: [VRFC 10-311] analyzing module inst_rom__blk_mem_gen_v8_4_4_synth
INFO: [VRFC 10-311] analyzing module glbl
INFO: [VRFC 10-2263] Analyzing Verilog file "D:/myCollege/ComputerSystem/NSCSCC/NSCSCC/NSCSCC/PersonalProgress/HaitianJiang/SingleMiniSys/mycpu_design/mycpu_design.srcs/sim_1/new/tb_SOC_IO.v" into library xil_defaultlib
INFO: [VRFC 10-311] analyzing module tb_SOC_IO
