INFO: [VRFC 10-2263] Analyzing Verilog file "D:/myCollege/ComputerSystem/NSCSCC/NSCSCC/NSCSCC/PersonalProgress/HaitianJiang/SingleMiniSys/mycpu_design/mycpu_design.sim/sim_1/impl/timing/xsim/tb_datapath_1_time_impl.v" into library xil_defaultlib
INFO: [VRFC 10-311] analyzing module RAM32M_UNIQ_BASE_
INFO: [VRFC 10-311] analyzing module RAM32M_HD1
INFO: [VRFC 10-311] analyzing module RAM32M_HD10
INFO: [VRFC 10-311] analyzing module RAM32M_HD11
INFO: [VRFC 10-311] analyzing module RAM32M_HD2
INFO: [VRFC 10-311] analyzing module RAM32M_HD3
INFO: [VRFC 10-311] analyzing module RAM32M_HD4
INFO: [VRFC 10-311] analyzing module RAM32M_HD5
INFO: [VRFC 10-311] analyzing module RAM32M_HD6
INFO: [VRFC 10-311] analyzing module RAM32M_HD7
INFO: [VRFC 10-311] analyzing module RAM32M_HD8
INFO: [VRFC 10-311] analyzing module RAM32M_HD9
INFO: [VRFC 10-311] analyzing module ALU_1
INFO: [VRFC 10-311] analyzing module blk_mem_gen_0
INFO: [VRFC 10-311] analyzing module cpu_clk
INFO: [VRFC 10-311] analyzing module cpu_clk_cpu_clk_clk_wiz
INFO: [VRFC 10-311] analyzing module data_ram
INFO: [VRFC 10-311] analyzing module datapath_1
INFO: [VRFC 10-311] analyzing module pc_1
INFO: [VRFC 10-311] analyzing module reg_files_1
INFO: [VRFC 10-311] analyzing module blk_mem_gen_0_blk_mem_gen_generic_cstr
INFO: [VRFC 10-311] analyzing module blk_mem_gen_0_blk_mem_gen_prim_width
INFO: [VRFC 10-311] analyzing module blk_mem_gen_0_blk_mem_gen_prim_wrapper_init
INFO: [VRFC 10-311] analyzing module blk_mem_gen_0_blk_mem_gen_top
INFO: [VRFC 10-311] analyzing module blk_mem_gen_0_blk_mem_gen_v8_4_4
INFO: [VRFC 10-311] analyzing module blk_mem_gen_0_blk_mem_gen_v8_4_4_synth
INFO: [VRFC 10-311] analyzing module data_ram_blk_mem_gen_generic_cstr
INFO: [VRFC 10-311] analyzing module data_ram_blk_mem_gen_prim_width
INFO: [VRFC 10-311] analyzing module data_ram_blk_mem_gen_prim_wrapper_init
INFO: [VRFC 10-311] analyzing module data_ram_blk_mem_gen_top
INFO: [VRFC 10-311] analyzing module data_ram_blk_mem_gen_v8_4_4
INFO: [VRFC 10-311] analyzing module data_ram_blk_mem_gen_v8_4_4_synth
INFO: [VRFC 10-311] analyzing module glbl
INFO: [VRFC 10-2263] Analyzing Verilog file "D:/myCollege/ComputerSystem/NSCSCC/NSCSCC/NSCSCC/PersonalProgress/HaitianJiang/SingleMiniSys/mycpu_design/mycpu_design.srcs/sim_1/new/tb_datapath_1.v" into library xil_defaultlib
INFO: [VRFC 10-311] analyzing module tb_datapath_1
