INFO: [VRFC 10-2263] Analyzing Verilog file "D:/myCollege/ComputerSystem/NSCSCC/NSCSCC/NSCSCC/PersonalProgress/HaitianJiang/SingleMiniSys/mycpu_design/mycpu_design.srcs/sources_1/ip/data_ram/sim/data_ram.v" into library xil_defaultlib
INFO: [VRFC 10-311] analyzing module data_ram
INFO: [VRFC 10-2263] Analyzing Verilog file "D:/myCollege/ComputerSystem/NSCSCC/NSCSCC/NSCSCC/PersonalProgress/HaitianJiang/SingleMiniSys/mycpu_design/mycpu_design.srcs/sources_1/ip/inst_rom/sim/inst_rom.v" into library xil_defaultlib
INFO: [VRFC 10-311] analyzing module inst_rom
INFO: [VRFC 10-2263] Analyzing Verilog file "D:/myCollege/ComputerSystem/NSCSCC/NSCSCC/NSCSCC/PersonalProgress/HaitianJiang/SingleMiniSys/mycpu_design/mycpu_design.srcs/sources_1/ip/cpu_clk/cpu_clk_clk_wiz.v" into library xil_defaultlib
INFO: [VRFC 10-311] analyzing module cpu_clk_clk_wiz
INFO: [VRFC 10-2263] Analyzing Verilog file "D:/myCollege/ComputerSystem/NSCSCC/NSCSCC/NSCSCC/PersonalProgress/HaitianJiang/SingleMiniSys/mycpu_design/mycpu_design.srcs/sources_1/ip/cpu_clk/cpu_clk.v" into library xil_defaultlib
INFO: [VRFC 10-311] analyzing module cpu_clk
INFO: [VRFC 10-2263] Analyzing Verilog file "D:/myCollege/ComputerSystem/NSCSCC/NSCSCC/NSCSCC/PersonalProgress/HaitianJiang/SingleMiniSys/mycpu_design/mycpu_design.srcs/sources_1/new/ALU_1.v" into library xil_defaultlib
INFO: [VRFC 10-311] analyzing module ALU_1
INFO: [VRFC 10-2263] Analyzing Verilog file "D:/myCollege/ComputerSystem/NSCSCC/NSCSCC/NSCSCC/PersonalProgress/HaitianJiang/SingleMiniSys/mycpu_design/mycpu_design.srcs/sources_1/new/CPU_only.v" into library xil_defaultlib
INFO: [VRFC 10-311] analyzing module CPU_only
INFO: [VRFC 10-2458] undeclared symbol result, assumed default net type wire [D:/myCollege/ComputerSystem/NSCSCC/NSCSCC/NSCSCC/PersonalProgress/HaitianJiang/SingleMiniSys/mycpu_design/mycpu_design.srcs/sources_1/new/CPU_only.v:299]
INFO: [VRFC 10-2263] Analyzing Verilog file "D:/myCollege/ComputerSystem/NSCSCC/NSCSCC/NSCSCC/PersonalProgress/HaitianJiang/SingleMiniSys/mycpu_design/mycpu_design.srcs/sources_1/new/control_1.v" into library xil_defaultlib
INFO: [VRFC 10-311] analyzing module control_1
INFO: [VRFC 10-2263] Analyzing Verilog file "D:/myCollege/ComputerSystem/NSCSCC/NSCSCC/NSCSCC/PersonalProgress/HaitianJiang/SingleMiniSys/mycpu_design/mycpu_design.srcs/sources_1/new/mini_SOC.v" into library xil_defaultlib
INFO: [VRFC 10-311] analyzing module mini_SOC
INFO: [VRFC 10-2263] Analyzing Verilog file "D:/myCollege/ComputerSystem/NSCSCC/NSCSCC/NSCSCC/PersonalProgress/HaitianJiang/SingleMiniSys/mycpu_design/mycpu_design.srcs/sources_1/new/pc_1.v" into library xil_defaultlib
INFO: [VRFC 10-311] analyzing module pc_1
INFO: [VRFC 10-2263] Analyzing Verilog file "D:/myCollege/ComputerSystem/NSCSCC/NSCSCC/NSCSCC/PersonalProgress/HaitianJiang/SingleMiniSys/mycpu_design/mycpu_design.srcs/sources_1/new/reg_files_1.v" into library xil_defaultlib
INFO: [VRFC 10-311] analyzing module reg_files_1
INFO: [VRFC 10-2263] Analyzing Verilog file "D:/myCollege/ComputerSystem/NSCSCC/NSCSCC/NSCSCC/PersonalProgress/HaitianJiang/SingleMiniSys/mycpu_design/mycpu_design.srcs/sim_1/new/tb_mini_SOC.v" into library xil_defaultlib
INFO: [VRFC 10-311] analyzing module tb_mini_SOC
